# JRE version: OpenJDK Runtime Environment (23.0+1) (build 23-valhalla+1-90)
# Java VM: OpenJDK 64-Bit Server VM (23-valhalla+1-90, mixed mode, sharing, tiered, compressed oops, compressed class ptrs, g1 gc, linux-amd64)
GC Precious Log:
 CardTable entry size: 512
 Card Set container configuration: InlinePtr #cards 5 size 8 Array Of Cards #cards 10 size 36 Howl #buckets 4 coarsen threshold 1843 Howl Bitmap #cards 512 size 80 coarsen threshold 460 Card regions per heap region 1 cards per card region 2048
 CPUs: 4 total, 4 available
 Memory: 15861M
 Large Page Support: Disabled
 NUMA Support: Disabled
 Compressed Oops: Enabled (32-bit)
 Heap Region Size: 1M
 Heap Min Capacity: 256M
 Heap Initial Capacity: 256M
 Heap Max Capacity: 512M
 Pre-touch: Disabled
 Parallel Workers: 4
 Concurrent Workers: 1
 Concurrent Refinement Workers: 4
 Periodic GC: Disabled
Heap:
 garbage-first heap   total reserved 524288K, committed 262144K, used 111104K [0x00000000e0000000, 0x0000000100000000)
  region size 1024K, 25 young (25600K), 13 survivors (13312K)
 Metaspace       used 91031K, committed 93376K, reserved 458752K
  class space    used 13495K, committed 14592K, reserved 327680K
GC Heap History (20 events):
Event: 3,960 GC heap before
{Heap before GC invocations=4 (full 0):
 garbage-first heap   total reserved 524288K, committed 262144K, used 76517K [0x00000000e0000000, 0x0000000100000000)
  region size 1024K, 67 young (68608K), 16 survivors (16384K)
 Metaspace       used 28361K, committed 29248K, reserved 393216K
  class space    used 4475K, committed 4864K, reserved 327680K
}
Event: 3,976 GC heap after
{Heap after GC invocations=5 (full 0):
 garbage-first heap   total reserved 524288K, committed 262144K, used 27985K [0x00000000e0000000, 0x0000000100000000)
  region size 1024K, 4 young (4096K), 4 survivors (4096K)
 Metaspace       used 28361K, committed 29248K, reserved 393216K
  class space    used 4475K, committed 4864K, reserved 327680K
}
Event: 4,638 GC heap before
{Heap before GC invocations=5 (full 0):
 garbage-first heap   total reserved 524288K, committed 262144K, used 85329K [0x00000000e0000000, 0x0000000100000000)
  region size 1024K, 57 young (58368K), 4 survivors (4096K)
 Metaspace       used 35226K, committed 36160K, reserved 393216K
  class space    used 5171K, committed 5632K, reserved 327680K
}
Event: 4,650 GC heap after
{Heap after GC invocations=6 (full 0):
 garbage-first heap   total reserved 524288K, committed 262144K, used 34922K [0x00000000e0000000, 0x0000000100000000)
  region size 1024K, 9 young (9216K), 9 survivors (9216K)
 Metaspace       used 35226K, committed 36160K, reserved 393216K
  class space    used 5171K, committed 5632K, reserved 327680K
}
Event: 4,686 GC heap before
{Heap before GC invocations=6 (full 0):
 garbage-first heap   total reserved 524288K, committed 262144K, used 36970K [0x00000000e0000000, 0x0000000100000000)
  region size 1024K, 12 young (12288K), 9 survivors (9216K)
 Metaspace       used 35579K, committed 36480K, reserved 393216K
  class space    used 5198K, committed 5632K, reserved 327680K
}
Event: 4,694 GC heap after
{Heap after GC invocations=7 (full 0):
 garbage-first heap   total reserved 524288K, committed 262144K, used 32627K [0x00000000e0000000, 0x0000000100000000)
  region size 1024K, 6 young (6144K), 6 survivors (6144K)
 Metaspace       used 35579K, committed 36480K, reserved 393216K
  class space    used 5198K, committed 5632K, reserved 327680K
}
Event: 7,399 GC heap before
{Heap before GC invocations=8 (full 0):
 garbage-first heap   total reserved 524288K, committed 262144K, used 186227K [0x00000000e0000000, 0x0000000100000000)
  region size 1024K, 153 young (156672K), 6 survivors (6144K)
 Metaspace       used 52482K, committed 54144K, reserved 393216K
  class space    used 7864K, committed 8640K, reserved 327680K
}
Event: 7,414 GC heap after
{Heap after GC invocations=9 (full 0):
 garbage-first heap   total reserved 524288K, committed 262144K, used 44055K [0x00000000e0000000, 0x0000000100000000)
  region size 1024K, 15 young (15360K), 15 survivors (15360K)
 Metaspace       used 52482K, committed 54144K, reserved 393216K
  class space    used 7864K, committed 8640K, reserved 327680K
}
Event: 9,514 GC heap before
{Heap before GC invocations=9 (full 0):
 garbage-first heap   total reserved 524288K, committed 262144K, used 172055K [0x00000000e0000000, 0x0000000100000000)
  region size 1024K, 137 young (140288K), 15 survivors (15360K)
 Metaspace       used 59607K, committed 61376K, reserved 393216K
  class space    used 8861K, committed 9664K, reserved 327680K
}
Event: 9,534 GC heap after
{Heap after GC invocations=10 (full 0):
 garbage-first heap   total reserved 524288K, committed 262144K, used 55692K [0x00000000e0000000, 0x0000000100000000)
  region size 1024K, 18 young (18432K), 18 survivors (18432K)
 Metaspace       used 59607K, committed 61376K, reserved 393216K
  class space    used 8861K, committed 9664K, reserved 327680K
}
Event: 9,566 GC heap before
{Heap before GC invocations=10 (full 0):
 garbage-first heap   total reserved 524288K, committed 262144K, used 58764K [0x00000000e0000000, 0x0000000100000000)
  region size 1024K, 22 young (22528K), 18 survivors (18432K)
 Metaspace       used 59978K, committed 61696K, reserved 393216K
  class space    used 8915K, committed 9728K, reserved 327680K
}
Event: 9,584 GC heap after
{Heap after GC invocations=11 (full 0):
 garbage-first heap   total reserved 524288K, committed 262144K, used 55913K [0x00000000e0000000, 0x0000000100000000)
  region size 1024K, 9 young (9216K), 9 survivors (9216K)
 Metaspace       used 59978K, committed 61696K, reserved 393216K
  class space    used 8915K, committed 9728K, reserved 327680K
}
Event: 11,419 GC heap before
{Heap before GC invocations=12 (full 0):
 garbage-first heap   total reserved 524288K, committed 262144K, used 203369K [0x00000000e0000000, 0x0000000100000000)
  region size 1024K, 153 young (156672K), 9 survivors (9216K)
 Metaspace       used 74615K, committed 76608K, reserved 393216K
  class space    used 11096K, committed 12032K, reserved 327680K
}
Event: 11,433 GC heap after
{Heap after GC invocations=13 (full 0):
 garbage-first heap   total reserved 524288K, committed 262144K, used 63593K [0x00000000e0000000, 0x0000000100000000)
  region size 1024K, 17 young (17408K), 17 survivors (17408K)
 Metaspace       used 74615K, committed 76608K, reserved 393216K
  class space    used 11096K, committed 12032K, reserved 327680K
}
Event: 12,953 GC heap before
{Heap before GC invocations=13 (full 0):
 garbage-first heap   total reserved 524288K, committed 262144K, used 202857K [0x00000000e0000000, 0x0000000100000000)
  region size 1024K, 153 young (156672K), 17 survivors (17408K)
 Metaspace       used 80527K, committed 82688K, reserved 458752K
  class space    used 11999K, committed 12992K, reserved 327680K
}
Event: 12,979 GC heap after
{Heap after GC invocations=14 (full 0):
 garbage-first heap   total reserved 524288K, committed 262144K, used 75264K [0x00000000e0000000, 0x0000000100000000)
  region size 1024K, 20 young (20480K), 20 survivors (20480K)
 Metaspace       used 80527K, committed 82688K, reserved 458752K
  class space    used 11999K, committed 12992K, reserved 327680K
}
Event: 365,477 GC heap before
{Heap before GC invocations=14 (full 0):
 garbage-first heap   total reserved 524288K, committed 262144K, used 210432K [0x00000000e0000000, 0x0000000100000000)
  region size 1024K, 153 young (156672K), 20 survivors (20480K)
 Metaspace       used 89294K, committed 91584K, reserved 458752K
  class space    used 13333K, committed 14400K, reserved 327680K
}
Event: 365,506 GC heap after
{Heap after GC invocations=15 (full 0):
 garbage-first heap   total reserved 524288K, committed 262144K, used 86016K [0x00000000e0000000, 0x0000000100000000)
  region size 1024K, 11 young (11264K), 11 survivors (11264K)
 Metaspace       used 89294K, committed 91584K, reserved 458752K
  class space    used 13333K, committed 14400K, reserved 327680K
}
Event: 741,786 GC heap before
{Heap before GC invocations=15 (full 0):
 garbage-first heap   total reserved 524288K, committed 262144K, used 230400K [0x00000000e0000000, 0x0000000100000000)
  region size 1024K, 153 young (156672K), 11 survivors (11264K)
 Metaspace       used 91019K, committed 93376K, reserved 458752K
  class space    used 13495K, committed 14592K, reserved 327680K
}
Event: 741,821 GC heap after
{Heap after GC invocations=16 (full 0):
 garbage-first heap   total reserved 524288K, committed 262144K, used 99840K [0x00000000e0000000, 0x0000000100000000)
  region size 1024K, 13 young (13312K), 13 survivors (13312K)
 Metaspace       used 91019K, committed 93376K, reserved 458752K
  class space    used 13495K, committed 14592K, reserved 327680K
}

